<?xml version="1.0" encoding="utf-8"?><testsuites name="pytest tests"><testsuite name="pytest" errors="0" failures="0" skipped="0" tests="8" time="2.564" timestamp="2026-06-25T21:42:11.573418+00:00" hostname="agent-env-42acb87c-94e3-4779-88fa-67184bd8dd7f"><testcase classname="tests.test_iter10_self_dm.TestSelfDMSend" name="test_alice_sends_to_self_bypasses_can_dm" time="0.550" /><testcase classname="tests.test_iter10_self_dm.TestSelfThreadAlwaysPresent" name="test_alice_threads_self_first" time="0.048" /><testcase classname="tests.test_iter10_self_dm.TestSelfThreadAlwaysPresent" name="test_fresh_user_has_self_thread_with_null_last" time="0.386" /><testcase classname="tests.test_iter10_self_dm.TestSelfHistory" name="test_history_with_self_returns_self_flags" time="0.135" /><testcase classname="tests.test_iter10_self_dm.TestSelfDMPrivacy" name="test_bob_cannot_see_alices_self_messages" time="0.516" /><testcase classname="tests.test_iter10_self_dm.TestDMRegression" name="test_stranger_to_alice_blocked_when_not_follower" time="0.456" /><testcase classname="tests.test_iter10_self_dm.TestDMRegression" name="test_bob_to_alice_works_when_follower_dms_enabled" time="0.344" /><testcase classname="tests.test_iter10_self_dm.TestDMRegression" name="test_send_to_unknown_recipient_404" time="0.046" /></testsuite></testsuites>