<?xml version="1.0" encoding="utf-8"?><testsuites name="pytest tests"><testsuite name="pytest" errors="0" failures="0" skipped="1" tests="21" time="3.142" timestamp="2026-06-25T21:07:25.357407+00:00" hostname="agent-env-42acb87c-94e3-4779-88fa-67184bd8dd7f"><testcase classname="tests.test_iter9_watchlist.TestWatchAdd" name="test_add_missing_reason_400" time="0.861" /><testcase classname="tests.test_iter9_watchlist.TestWatchAdd" name="test_add_empty_reason_400" time="0.045" /><testcase classname="tests.test_iter9_watchlist.TestWatchAdd" name="test_add_non_admin_forbidden" time="0.394" /><testcase classname="tests.test_iter9_watchlist.TestWatchAdd" name="test_add_success" time="0.045" /><testcase classname="tests.test_iter9_watchlist.TestWatchAdd" name="test_add_idempotent_returns_existing" time="0.045" /><testcase classname="tests.test_iter9_watchlist.TestWatchList" name="test_list_contains_bob" time="0.052" /><testcase classname="tests.test_iter9_watchlist.TestWatchList" name="test_list_non_admin_forbidden" time="0.048" /><testcase classname="tests.test_iter9_watchlist.TestWatchOverview" name="test_overview_requires_active_watch" time="0.104" /><testcase classname="tests.test_iter9_watchlist.TestWatchOverview" name="test_overview_shape" time="0.049" /><testcase classname="tests.test_iter9_watchlist.TestWatchOverview" name="test_overview_dms_both_directions" time="0.818" /><testcase classname="tests.test_iter9_watchlist.TestWatchOverview" name="test_overview_non_admin_forbidden" time="0.054" /><testcase classname="tests.test_iter9_watchlist.TestAuditTrail" name="test_audit_has_add_and_view" time="0.044" /><testcase classname="tests.test_iter9_watchlist.TestSilentToTarget" name="test_auth_me_silent" time="0.060" /><testcase classname="tests.test_iter9_watchlist.TestSilentToTarget" name="test_users_me_silent" time="0.052"><skipped type="pytest.skip" message="/users/me not a GET endpoint — surveillance leak not applicable">/app/backend/tests/test_iter9_watchlist.py:230: /users/me not a GET endpoint — surveillance leak not applicable</skipped></testcase><testcase classname="tests.test_iter9_watchlist.TestSilentToTarget" name="test_notif_counts_silent" time="0.057" /><testcase classname="tests.test_iter9_watchlist.TestWatchRemove" name="test_remove_non_admin_forbidden" time="0.050" /><testcase classname="tests.test_iter9_watchlist.TestWatchRemove" name="test_remove_success" time="0.046" /><testcase classname="tests.test_iter9_watchlist.TestWatchRemove" name="test_overview_403_after_remove" time="0.043" /><testcase classname="tests.test_iter9_watchlist.TestWatchRemove" name="test_list_excludes_removed" time="0.045" /><testcase classname="tests.test_iter9_watchlist.TestWatchRemove" name="test_audit_has_remove_event" time="0.047" /><testcase classname="tests.test_iter9_watchlist.TestWatchRemove" name="test_remove_again_404" time="0.088" /></testsuite></testsuites>