<?xml version="1.0" encoding="utf-8"?><testsuites name="pytest tests"><testsuite name="pytest" errors="0" failures="1" skipped="0" tests="17" time="4.095" timestamp="2026-06-25T08:42:18.051314+00:00" hostname="agent-env-42acb87c-94e3-4779-88fa-67184bd8dd7f"><testcase classname="tests.test_iter8_csam_trending.TestAuthSmoke" name="test_alice_login" time="0.423" /><testcase classname="tests.test_iter8_csam_trending.TestAuthSmoke" name="test_bob_login" time="0.423" /><testcase classname="tests.test_iter8_csam_trending.TestAuthSmoke" name="test_admin_login" time="0.361" /><testcase classname="tests.test_iter8_csam_trending.TestCsamReportFlow" name="test_report_csam_quarantines_post" time="0.147" /><testcase classname="tests.test_iter8_csam_trending.TestCsamReportFlow" name="test_post_is_quarantined_in_db" time="0.007" /><testcase classname="tests.test_iter8_csam_trending.TestCsamReportFlow" name="test_csam_report_row_exists" time="0.004" /><testcase classname="tests.test_iter8_csam_trending.TestCsamReportFlow" name="test_audit_event_logged" time="0.004" /><testcase classname="tests.test_iter8_csam_trending.TestQuarantineEnforcement" name="test_quarantined_post_not_in_bob_feed" time="0.173"><failure message="AssertionError: quarantined post post_a59728367c0e leaked into bob feed&#10;assert 'post_a59728367c0e' not in ['post_c427a3dff261', 'post_a59728367c0e', 'post_90c65917750f', 'post_4d928e819cc5', 'post_38ab94af12f4', 'post_3464eaf7a01d', ...]">backend/tests/test_iter8_csam_trending.py:160: in test_quarantined_post_not_in_bob_feed
    assert pid not in ids, f"quarantined post {pid} leaked into bob feed"
E   AssertionError: quarantined post post_a59728367c0e leaked into bob feed
E   assert 'post_a59728367c0e' not in ['post_c427a3dff261', 'post_a59728367c0e', 'post_90c65917750f', 'post_4d928e819cc5', 'post_38ab94af12f4', 'post_3464eaf7a01d', ...]</failure></testcase><testcase classname="tests.test_iter8_csam_trending.TestQuarantineEnforcement" name="test_quarantined_post_not_in_alice_profile_feed" time="0.257" /><testcase classname="tests.test_iter8_csam_trending.TestQuarantineEnforcement" name="test_quarantined_post_hidden_from_author" time="0.119" /><testcase classname="tests.test_iter8_csam_trending.TestAdminCsam" name="test_csam_queue_has_report" time="0.056" /><testcase classname="tests.test_iter8_csam_trending.TestAdminCsam" name="test_audit_endpoint_lists_received_event" time="0.045" /><testcase classname="tests.test_iter8_csam_trending.TestAdminCsam" name="test_non_admin_cannot_access" time="0.040" /><testcase classname="tests.test_iter8_csam_trending.TestAdminCsam" name="test_csam_clear_restores_post" time="0.693" /><testcase classname="tests.test_iter8_csam_trending.TestCsamConfirmThrowaway" name="test_full_confirm_flow" time="0.511" /><testcase classname="tests.test_iter8_csam_trending.TestTrendingTags" name="test_trending_endpoint_returns_valid_shape" time="0.053" /><testcase classname="tests.test_iter8_csam_trending.TestTrendingTags" name="test_new_public_tagged_post_appears_in_trending" time="0.594" /></testsuite></testsuites>