<?xml version="1.0" encoding="utf-8"?><testsuites name="pytest tests"><testsuite name="pytest" errors="0" failures="0" skipped="0" tests="7" time="23.126" timestamp="2026-06-25T21:54:32.857763+00:00" hostname="agent-env-42acb87c-94e3-4779-88fa-67184bd8dd7f"><testcase classname="tests.test_iter11_dm_media" name="test_send_media_only_self_dm" time="0.853" /><testcase classname="tests.test_iter11_dm_media" name="test_send_text_plus_media" time="0.282" /><testcase classname="tests.test_iter11_dm_media" name="test_empty_message_rejected" time="0.051" /><testcase classname="tests.test_iter11_dm_media" name="test_media_cap_of_four" time="20.803" /><testcase classname="tests.test_iter11_dm_media" name="test_bob_to_alice_dm_with_media" time="0.824" /><testcase classname="tests.test_iter11_dm_media" name="test_dm_unknown_recipient_404" time="0.047" /><testcase classname="tests.test_iter11_dm_media" name="test_group_chats_unaffected" time="0.182" /></testsuite></testsuites>