<?xml version="1.0" encoding="utf-8"?><testsuites name="pytest tests"><testsuite name="pytest" errors="0" failures="0" skipped="0" tests="18" time="8.085" timestamp="2026-06-25T19:59:33.143389+00:00" hostname="agent-env-42acb87c-94e3-4779-88fa-67184bd8dd7f"><testcase classname="tests.test_iter7_notif_followers_admin.TestNotificationsCounts" name="test_counts_shape" time="0.540" /><testcase classname="tests.test_iter7_notif_followers_admin.TestNotificationsCounts" name="test_counts_unauth_401" time="0.117" /><testcase classname="tests.test_iter7_notif_followers_admin.TestNotificationsCounts" name="test_follow_increments_new_followers" time="1.930" /><testcase classname="tests.test_iter7_notif_followers_admin.TestNotificationsCounts" name="test_dm_increments_unread_dms" time="0.726" /><testcase classname="tests.test_iter7_notif_followers_admin.TestNotificationsCounts" name="test_mark_seen_resets_new_followers" time="0.414" /><testcase classname="tests.test_iter7_notif_followers_admin.TestFollowersFollowingLists" name="test_me_followers_requires_auth" time="0.139" /><testcase classname="tests.test_iter7_notif_followers_admin.TestFollowersFollowingLists" name="test_me_following_requires_auth" time="0.100" /><testcase classname="tests.test_iter7_notif_followers_admin.TestFollowersFollowingLists" name="test_alice_followers_contains_bob" time="0.049" /><testcase classname="tests.test_iter7_notif_followers_admin.TestFollowersFollowingLists" name="test_bob_following_contains_alice" time="0.048" /><testcase classname="tests.test_iter7_notif_followers_admin.TestFollowersFollowingLists" name="test_by_handle_does_not_leak_counts" time="0.049" /><testcase classname="tests.test_iter7_notif_followers_admin.TestFollowersFollowingLists" name="test_me_followers_scoped_to_self" time="0.095" /><testcase classname="tests.test_iter7_notif_followers_admin.TestAdminPromote" name="test_promote_bob_to_admin" time="0.765" /><testcase classname="tests.test_iter7_notif_followers_admin.TestAdminPromote" name="test_promote_requires_admin" time="0.048" /><testcase classname="tests.test_iter7_notif_followers_admin.TestAdminPromote" name="test_promote_missing_email_400" time="0.044" /><testcase classname="tests.test_iter7_notif_followers_admin.TestAdminPromote" name="test_promote_unknown_email_404" time="0.061" /><testcase classname="tests.test_iter7_notif_followers_admin.TestZZZPurgeDemoLast" name="test_purge_demo_accounts" time="0.543" /><testcase classname="tests.test_iter7_notif_followers_admin.TestZZZPurgeDemoLast" name="test_purge_self_protection_include_seeded_admin" time="0.093" /><testcase classname="tests.test_iter7_notif_followers_admin.TestZZZPurgeDemoLast" name="test_zzz_reseed_via_restart" time="2.232" /></testsuite></testsuites>