<?xml version="1.0" encoding="utf-8"?><testsuites name="pytest tests"><testsuite name="pytest" errors="0" failures="0" skipped="0" tests="7" time="3.406" timestamp="2026-06-23T23:08:07.650227+00:00" hostname="agent-env-42acb87c-94e3-4779-88fa-67184bd8dd7f"><testcase classname="backend.tests.test_iter2_comments_ai.TestPostSerialization" name="test_post_no_ai_label_normal" time="0.535" /><testcase classname="backend.tests.test_iter2_comments_ai.TestPostSerialization" name="test_post_with_ai_label_generated_alone" time="0.047" /><testcase classname="backend.tests.test_iter2_comments_ai.TestPostSerialization" name="test_feed_includes_new_fields" time="0.081" /><testcase classname="backend.tests.test_iter2_comments_ai.TestComments" name="test_bob_cannot_comment_not_in_ic" time="0.455" /><testcase classname="backend.tests.test_iter2_comments_ai.TestComments" name="test_ic_member_can_comment_and_delete" time="0.788" /><testcase classname="backend.tests.test_iter2_comments_ai.TestAIHardRules" name="test_ai_real_person_no_consent_suspends" time="0.697" /><testcase classname="backend.tests.test_iter2_comments_ai.TestAIHardRules" name="test_ai_sexual_real_person_nuclear_delete" time="0.730" /></testsuite></testsuites>