<?xml version="1.0" encoding="utf-8"?><testsuites name="pytest tests"><testsuite name="pytest" errors="0" failures="0" skipped="0" tests="9" time="2.287" timestamp="2026-06-25T20:49:08.037487+00:00" hostname="agent-env-42acb87c-94e3-4779-88fa-67184bd8dd7f"><testcase classname="tests.test_iter8_dm_read_state.TestDmReadStateBugFix" name="test_01_baseline_alice_drains_existing" time="1.322" /><testcase classname="tests.test_iter8_dm_read_state.TestDmReadStateBugFix" name="test_02_send_dm_bumps_unread" time="0.105" /><testcase classname="tests.test_iter8_dm_read_state.TestDmReadStateBugFix" name="test_03_open_thread_clears_unread" time="0.115" /><testcase classname="tests.test_iter8_dm_read_state.TestDmReadStateBugFix" name="test_04_db_row_has_read_true" time="0.051" /><testcase classname="tests.test_iter8_dm_read_state.TestDmReadStateBugFix" name="test_05_idempotent_reopen_no_error" time="0.154" /><testcase classname="tests.test_iter8_dm_read_state.TestDmReadStateDoesNotMarkOutgoing" name="test_01_alice_replies_to_bob" time="0.211" /><testcase classname="tests.test_iter8_dm_read_state.TestDmReadStateDoesNotMarkOutgoing" name="test_02_alice_reviewing_own_thread_does_not_clear_bobs_unread" time="0.109" /><testcase classname="tests.test_iter8_dm_read_state.TestDmReadStateDoesNotMarkOutgoing" name="test_03_bob_opens_thread_clears_his_unread" time="0.104" /><testcase classname="tests.test_iter8_dm_read_state.TestRegressionNotifCountsShape" name="test_shape" time="0.052" /></testsuite></testsuites>