<?xml version="1.0" encoding="utf-8"?><testsuites name="pytest tests"><testsuite name="pytest" errors="0" failures="1" skipped="1" tests="31" time="4.860" timestamp="2026-06-23T23:08:16.466468+00:00" hostname="agent-env-42acb87c-94e3-4779-88fa-67184bd8dd7f"><testcase classname="backend.tests.test_clanchat.TestAuth" name="test_login_alice_sets_cookies" time="0.375" /><testcase classname="backend.tests.test_clanchat.TestAuth" name="test_login_bad_password" time="0.336" /><testcase classname="backend.tests.test_clanchat.TestAuth" name="test_me_requires_auth" time="0.124" /><testcase classname="backend.tests.test_clanchat.TestAuth" name="test_me_with_cookie" time="0.359" /><testcase classname="backend.tests.test_clanchat.TestAuth" name="test_register_adult" time="0.325" /><testcase classname="backend.tests.test_clanchat.TestAuth" name="test_register_minor" time="0.327" /><testcase classname="backend.tests.test_clanchat.TestAuth" name="test_register_duplicate_email" time="0.094" /><testcase classname="backend.tests.test_clanchat.TestAuth" name="test_register_duplicate_handle" time="0.109" /><testcase classname="backend.tests.test_clanchat.TestUsers" name="test_update_me_bio" time="0.090" /><testcase classname="backend.tests.test_clanchat.TestUsers" name="test_update_settings" time="0.044" /><testcase classname="backend.tests.test_clanchat.TestUsers" name="test_get_by_handle_bob" time="0.044" /><testcase classname="backend.tests.test_clanchat.TestUsers" name="test_search_handle" time="0.055" /><testcase classname="backend.tests.test_clanchat.TestUsers" name="test_search_minor_protection" time="0.044" /><testcase classname="backend.tests.test_clanchat.TestFollow" name="test_follow_bob" time="0.092" /><testcase classname="backend.tests.test_clanchat.TestFollow" name="test_adult_cannot_follow_minor" time="0.047"><skipped type="pytest.skip" message="Cannot fetch teen by handle (likely 404 by minor protection)">/app/backend/tests/test_clanchat.py:164: Cannot fetch teen by handle (likely 404 by minor protection)</skipped></testcase><testcase classname="backend.tests.test_clanchat.TestPosts" name="test_create_public_post_with_tags" time="0.046" /><testcase classname="backend.tests.test_clanchat.TestPosts" name="test_create_followers_post" time="0.049" /><testcase classname="backend.tests.test_clanchat.TestPosts" name="test_inner_strips_tags" time="0.045" /><testcase classname="backend.tests.test_clanchat.TestPosts" name="test_nsfw_on_public_fails" time="0.045" /><testcase classname="backend.tests.test_clanchat.TestPosts" name="test_feed" time="0.085" /><testcase classname="backend.tests.test_clanchat.TestPosts" name="test_like_toggle" time="0.524" /><testcase classname="backend.tests.test_clanchat.TestPosts" name="test_pin_and_max3" time="0.582" /><testcase classname="backend.tests.test_clanchat.TestInnerWallBoardsDMs" name="test_inner_members" time="0.046" /><testcase classname="backend.tests.test_clanchat.TestInnerWallBoardsDMs" name="test_inner_invite_flow" time="0.141" /><testcase classname="backend.tests.test_clanchat.TestInnerWallBoardsDMs" name="test_wall_default_owner_only" time="0.093" /><testcase classname="backend.tests.test_clanchat.TestInnerWallBoardsDMs" name="test_boards_create_public" time="0.130" /><testcase classname="backend.tests.test_clanchat.TestInnerWallBoardsDMs" name="test_dm_blocked_when_not_following_and_disabled" time="0.100"><failure message="AssertionError: Internal Server Error&#10;assert 500 in (200, 201, 403)&#10; +  where 500 = &lt;Response [500]&gt;.status_code">E   AssertionError: Internal Server Error
    assert 500 in (200, 201, 403)
     +  where 500 = &lt;Response [500]&gt;.status_code</failure></testcase><testcase classname="backend.tests.test_clanchat.TestInnerWallBoardsDMs" name="test_dms_threads" time="0.056" /><testcase classname="backend.tests.test_clanchat.TestModeration" name="test_block_unblock" time="0.220" /><testcase classname="backend.tests.test_clanchat.TestModeration" name="test_report" time="0.086" /><testcase classname="backend.tests.test_clanchat.TestNotifications" name="test_counts_shape" time="0.046" /></testsuite></testsuites>