<?xml version="1.0" encoding="utf-8"?><testsuites name="pytest tests"><testsuite name="pytest" errors="0" failures="0" skipped="0" tests="10" time="4.180" timestamp="2026-08-16T15:16:33.024477+00:00" hostname="agent-env-e0f5ada0-32e0-410e-ac11-d7d6bc61d155"><testcase classname="tests.test_auth_restoration" name="test_supabase_config" time="0.248" /><testcase classname="tests.test_auth_restoration" name="test_admin_login" time="0.273" /><testcase classname="tests.test_auth_restoration" name="test_bob_login" time="0.276" /><testcase classname="tests.test_auth_restoration" name="test_login_wrong_password" time="0.274" /><testcase classname="tests.test_auth_restoration" name="test_register_new_user" time="0.279" /><testcase classname="tests.test_auth_restoration" name="test_supabase_login_missing_token" time="0.055" /><testcase classname="tests.test_auth_restoration" name="test_supabase_login_invalid_token_returns_error" time="0.893" /><testcase classname="tests.test_auth_restoration" name="test_signed_upload_url" time="1.089" /><testcase classname="tests.test_auth_restoration" name="test_admin_can_access_reports" time="0.062" /><testcase classname="tests.test_auth_restoration" name="test_feed_endpoint" time="0.107" /></testsuite></testsuites>