<?xml version="1.0" encoding="utf-8"?><testsuites name="pytest tests"><testsuite name="pytest" errors="0" failures="0" skipped="0" tests="14" time="3.003" timestamp="2026-06-26T09:45:57.469415+00:00" hostname="agent-env-42acb87c-94e3-4779-88fa-67184bd8dd7f"><testcase classname="tests.test_iter12_admin_flags.TestLookup" name="test_lookup_bob_ok" time="0.740" /><testcase classname="tests.test_iter12_admin_flags.TestLookup" name="test_lookup_unknown_handle_404" time="0.046" /><testcase classname="tests.test_iter12_admin_flags.TestLookup" name="test_lookup_non_admin_forbidden" time="0.371" /><testcase classname="tests.test_iter12_admin_flags.TestMark18Plus" name="test_missing_reason_400" time="0.046" /><testcase classname="tests.test_iter12_admin_flags.TestMark18Plus" name="test_flag_creator_ok" time="0.091" /><testcase classname="tests.test_iter12_admin_flags.TestMark18Plus" name="test_unflag_no_reason_required" time="0.091" /><testcase classname="tests.test_iter12_admin_flags.TestMarkMinor" name="test_missing_reason_400" time="0.044" /><testcase classname="tests.test_iter12_admin_flags.TestMarkMinor" name="test_lock_minor_ok" time="0.094" /><testcase classname="tests.test_iter12_admin_flags.TestMarkMinor" name="test_unlock_reverts_to_dob" time="0.130" /><testcase classname="tests.test_iter12_admin_flags.TestMutualExclusion" name="test_cannot_lock_minor_when_18plus" time="0.141" /><testcase classname="tests.test_iter12_admin_flags.TestMutualExclusion" name="test_cannot_18plus_when_locked_minor" time="0.147" /><testcase classname="tests.test_iter12_admin_flags.TestAppliedBehaviours" name="test_locked_minor_blocks_adult_follow" time="0.193" /><testcase classname="tests.test_iter12_admin_flags.TestAppliedBehaviours" name="test_18plus_hidden_from_minor_search" time="0.469" /><testcase classname="tests.test_iter12_admin_flags.TestAudit" name="test_audit_contains_mark_events" time="0.334" /></testsuite></testsuites>