<?xml version="1.0" encoding="utf-8"?><testsuites name="pytest tests"><testsuite name="pytest" errors="0" failures="0" skipped="0" tests="14" time="4.439" timestamp="2026-08-16T17:25:43.866854+00:00" hostname="agent-env-e0f5ada0-32e0-410e-ac11-d7d6bc61d155"><testcase classname="tests.test_auth_restoration" name="test_supabase_config" time="0.183" /><testcase classname="tests.test_auth_restoration" name="test_admin_login" time="0.272" /><testcase classname="tests.test_auth_restoration" name="test_bob_login" time="0.272" /><testcase classname="tests.test_auth_restoration" name="test_login_wrong_password" time="0.271" /><testcase classname="tests.test_auth_restoration" name="test_register_new_user" time="0.274" /><testcase classname="tests.test_auth_restoration" name="test_supabase_login_missing_token" time="0.047" /><testcase classname="tests.test_auth_restoration" name="test_supabase_login_invalid_token_returns_error" time="0.651" /><testcase classname="tests.test_auth_restoration" name="test_signed_upload_url" time="0.789" /><testcase classname="tests.test_auth_restoration" name="test_admin_can_access_reports" time="0.051" /><testcase classname="tests.test_auth_restoration" name="test_feed_endpoint" time="0.096" /><testcase classname="tests.test_auth_restoration" name="test_auth_me_via_bearer" time="0.129" /><testcase classname="tests.test_auth_restoration" name="test_auth_me_without_token_rejected" time="0.133" /><testcase classname="tests.test_auth_restoration" name="test_refresh_via_body" time="0.517" /><testcase classname="tests.test_auth_restoration" name="test_refresh_missing_token_rejected" time="0.100" /></testsuite></testsuites>