<?xml version="1.0" encoding="utf-8"?><testsuites name="pytest tests"><testsuite name="pytest" errors="0" failures="0" skipped="1" tests="25" time="6.713" timestamp="2026-06-25T08:49:48.994469+00:00" hostname="agent-env-42acb87c-94e3-4779-88fa-67184bd8dd7f"><testcase classname="tests.test_iter8_csam_trending.TestAuthSmoke" name="test_alice_login" time="0.492" /><testcase classname="tests.test_iter8_csam_trending.TestAuthSmoke" name="test_bob_login" time="0.361" /><testcase classname="tests.test_iter8_csam_trending.TestAuthSmoke" name="test_admin_login" time="0.352" /><testcase classname="tests.test_iter8_csam_trending.TestCsamReportFlow" name="test_report_csam_quarantines_post" time="0.175" /><testcase classname="tests.test_iter8_csam_trending.TestCsamReportFlow" name="test_post_is_quarantined_in_db" time="0.006" /><testcase classname="tests.test_iter8_csam_trending.TestCsamReportFlow" name="test_csam_report_row_exists" time="0.003" /><testcase classname="tests.test_iter8_csam_trending.TestCsamReportFlow" name="test_audit_event_logged" time="0.003" /><testcase classname="tests.test_iter8_csam_trending.TestQuarantineEnforcement" name="test_quarantined_post_not_in_bob_feed" time="0.157" /><testcase classname="tests.test_iter8_csam_trending.TestQuarantineEnforcement" name="test_quarantined_post_not_in_alice_profile_feed" time="0.250" /><testcase classname="tests.test_iter8_csam_trending.TestQuarantineEnforcement" name="test_quarantined_post_hidden_from_author" time="0.116" /><testcase classname="tests.test_iter8_csam_trending.TestAdminCsam" name="test_csam_queue_has_report" time="0.047" /><testcase classname="tests.test_iter8_csam_trending.TestAdminCsam" name="test_audit_endpoint_lists_received_event" time="0.043" /><testcase classname="tests.test_iter8_csam_trending.TestAdminCsam" name="test_non_admin_cannot_access" time="0.046" /><testcase classname="tests.test_iter8_csam_trending.TestAdminCsam" name="test_csam_clear_restores_post" time="0.702" /><testcase classname="tests.test_iter8_csam_trending.TestCsamConfirmThrowaway" name="test_full_confirm_flow" time="0.513" /><testcase classname="tests.test_iter8_csam_trending.TestQuarantineAdminBypassAndListEndpoints" name="test_quarantined_hidden_from_bob_feed" time="1.310" /><testcase classname="tests.test_iter8_csam_trending.TestQuarantineAdminBypassAndListEndpoints" name="test_quarantined_hidden_from_author_feed" time="0.112" /><testcase classname="tests.test_iter8_csam_trending.TestQuarantineAdminBypassAndListEndpoints" name="test_admin_can_see_quarantined_in_feed" time="0.130" /><testcase classname="tests.test_iter8_csam_trending.TestQuarantineAdminBypassAndListEndpoints" name="test_admin_csam_queue_has_entry" time="0.043" /><testcase classname="tests.test_iter8_csam_trending.TestQuarantineAdminBypassAndListEndpoints" name="test_hidden_from_by_user" time="0.207" /><testcase classname="tests.test_iter8_csam_trending.TestQuarantineAdminBypassAndListEndpoints" name="test_hidden_from_by_tag" time="0.043" /><testcase classname="tests.test_iter8_csam_trending.TestQuarantineAdminBypassAndListEndpoints" name="test_hidden_from_pinned" time="0.000"><skipped type="pytest.skip" message="post not pinned (alice already at 3-pin cap)">/app/backend/tests/test_iter8_csam_trending.py:360: post not pinned (alice already at 3-pin cap)</skipped></testcase><testcase classname="tests.test_iter8_csam_trending.TestQuarantineAdminBypassAndListEndpoints" name="test_clear_restores_for_bob_and_audit" time="0.797" /><testcase classname="tests.test_iter8_csam_trending.TestTrendingTags" name="test_trending_endpoint_returns_valid_shape" time="0.044" /><testcase classname="tests.test_iter8_csam_trending.TestTrendingTags" name="test_new_public_tagged_post_appears_in_trending" time="0.588" /></testsuite></testsuites>