<?xml version="1.0" encoding="utf-8"?><testsuites name="pytest tests"><testsuite name="pytest" errors="0" failures="0" skipped="0" tests="10" time="3.782" timestamp="2026-08-16T13:19:24.833867+00:00" hostname="agent-env-e0f5ada0-32e0-410e-ac11-d7d6bc61d155"><testcase classname="tests.test_auth_restoration" name="test_supabase_config" time="0.155" /><testcase classname="tests.test_auth_restoration" name="test_admin_login" time="0.288" /><testcase classname="tests.test_auth_restoration" name="test_bob_login" time="0.288" /><testcase classname="tests.test_auth_restoration" name="test_login_wrong_password" time="0.285" /><testcase classname="tests.test_auth_restoration" name="test_register_new_user" time="0.290" /><testcase classname="tests.test_auth_restoration" name="test_supabase_login_missing_token" time="0.062" /><testcase classname="tests.test_auth_restoration" name="test_supabase_login_invalid_token_returns_error" time="0.795" /><testcase classname="tests.test_auth_restoration" name="test_signed_upload_url" time="0.855" /><testcase classname="tests.test_auth_restoration" name="test_admin_can_access_reports" time="0.070" /><testcase classname="tests.test_auth_restoration" name="test_feed_endpoint" time="0.124" /></testsuite></testsuites>