<?xml version="1.0" encoding="utf-8"?><testsuites name="pytest tests"><testsuite name="pytest" errors="0" failures="0" skipped="1" tests="31" time="5.329" timestamp="2026-06-11T11:48:29.789824+00:00" hostname="agent-env-42acb87c-94e3-4779-88fa-67184bd8dd7f"><testcase classname="backend.tests.test_clanchat.TestAuth" name="test_login_alice_sets_cookies" time="0.543" /><testcase classname="backend.tests.test_clanchat.TestAuth" name="test_login_bad_password" time="0.354" /><testcase classname="backend.tests.test_clanchat.TestAuth" name="test_me_requires_auth" time="0.149" /><testcase classname="backend.tests.test_clanchat.TestAuth" name="test_me_with_cookie" time="0.393" /><testcase classname="backend.tests.test_clanchat.TestAuth" name="test_register_adult" time="0.337" /><testcase classname="backend.tests.test_clanchat.TestAuth" name="test_register_minor" time="0.353" /><testcase classname="backend.tests.test_clanchat.TestAuth" name="test_register_duplicate_email" time="0.106" /><testcase classname="backend.tests.test_clanchat.TestAuth" name="test_register_duplicate_handle" time="0.097" /><testcase classname="backend.tests.test_clanchat.TestUsers" name="test_update_me_bio" time="0.114" /><testcase classname="backend.tests.test_clanchat.TestUsers" name="test_update_settings" time="0.048" /><testcase classname="backend.tests.test_clanchat.TestUsers" name="test_get_by_handle_bob" time="0.053" /><testcase classname="backend.tests.test_clanchat.TestUsers" name="test_search_handle" time="0.052" /><testcase classname="backend.tests.test_clanchat.TestUsers" name="test_search_minor_protection" time="0.053" /><testcase classname="backend.tests.test_clanchat.TestFollow" name="test_follow_bob" time="0.104" /><testcase classname="backend.tests.test_clanchat.TestFollow" name="test_adult_cannot_follow_minor" time="0.050"><skipped type="pytest.skip" message="Cannot fetch teen by handle (likely 404 by minor protection)">/app/backend/tests/test_clanchat.py:164: Cannot fetch teen by handle (likely 404 by minor protection)</skipped></testcase><testcase classname="backend.tests.test_clanchat.TestPosts" name="test_create_public_post_with_tags" time="0.052" /><testcase classname="backend.tests.test_clanchat.TestPosts" name="test_create_followers_post" time="0.055" /><testcase classname="backend.tests.test_clanchat.TestPosts" name="test_inner_strips_tags" time="0.051" /><testcase classname="backend.tests.test_clanchat.TestPosts" name="test_nsfw_on_public_fails" time="0.100" /><testcase classname="backend.tests.test_clanchat.TestPosts" name="test_feed" time="0.072" /><testcase classname="backend.tests.test_clanchat.TestPosts" name="test_like_toggle" time="0.487" /><testcase classname="backend.tests.test_clanchat.TestPosts" name="test_pin_and_max3" time="0.594" /><testcase classname="backend.tests.test_clanchat.TestInnerWallBoardsDMs" name="test_inner_members" time="0.050" /><testcase classname="backend.tests.test_clanchat.TestInnerWallBoardsDMs" name="test_inner_invite_flow" time="0.160" /><testcase classname="backend.tests.test_clanchat.TestInnerWallBoardsDMs" name="test_wall_default_owner_only" time="0.097" /><testcase classname="backend.tests.test_clanchat.TestInnerWallBoardsDMs" name="test_boards_create_public" time="0.151" /><testcase classname="backend.tests.test_clanchat.TestInnerWallBoardsDMs" name="test_dm_blocked_when_not_following_and_disabled" time="0.105" /><testcase classname="backend.tests.test_clanchat.TestInnerWallBoardsDMs" name="test_dms_threads" time="0.050" /><testcase classname="backend.tests.test_clanchat.TestModeration" name="test_block_unblock" time="0.213" /><testcase classname="backend.tests.test_clanchat.TestModeration" name="test_report" time="0.098" /><testcase classname="backend.tests.test_clanchat.TestNotifications" name="test_counts_shape" time="0.051" /></testsuite></testsuites>